<?xml version="1.0" encoding="UTF-8"?>
<!-- Generated by org.testng.reporters.JUnitXMLReporter -->
<testsuite ignored="0" hostname="DESKTOP-4A6VTUP" failures="0" tests="8" name="Default test" time="35.478" errors="0" timestamp="2022-03-21T10:34:56 IST">
  <testcase classname="ProjectDemo.ProjectClass" name="testLandingPage" time="11.953"/>
  <testcase classname="ProjectDemo.ProjectClass" name="testRadioButton" time="0.202"/>
  <testcase classname="ProjectDemo.ProjectClass" name="testDropDown" time="0.193"/>
  <testcase classname="ProjectDemo.ProjectClass" name="testCheckBox" time="0.301"/>
  <testcase classname="ProjectDemo.ProjectClass" name="openWindowButtonTest" time="1.303"/>
  <testcase classname="ProjectDemo.ProjectClass" name="openTabButtonTest" time="5.84"/>
  <testcase classname="ProjectDemo.ProjectClass" name="switchToAlerttest" time="0.304"/>
  <testcase classname="ProjectDemo.ProjectClass" name="testIframe" time="15.169"/>
</testsuite> <!-- Default test -->
