<?xml version="1.0" encoding="UTF-8"?>
<!-- Generated by org.testng.reporters.JUnitXMLReporter -->
<testsuite ignored="0" hostname="DESKTOP-4A6VTUP" failures="0" tests="8" name="Test" time="35.551" errors="0" timestamp="2022-03-21T11:30:28 IST">
  <testcase classname="ProjectDemo.ProjectClass" name="testLandingPage" time="11.86"/>
  <testcase classname="ProjectDemo.ProjectClass" name="testRadioButton" time="0.179"/>
  <testcase classname="ProjectDemo.ProjectClass" name="testDropDown" time="0.155"/>
  <testcase classname="ProjectDemo.ProjectClass" name="testCheckBox" time="0.136"/>
  <testcase classname="ProjectDemo.ProjectClass" name="openWindowButtonTest" time="0.885"/>
  <testcase classname="ProjectDemo.ProjectClass" name="openTabButtonTest" time="6.226"/>
  <testcase classname="ProjectDemo.ProjectClass" name="switchToAlerttest" time="0.236"/>
  <testcase classname="ProjectDemo.ProjectClass" name="testIframe" time="15.743"/>
</testsuite> <!-- Test -->
