<?xml version="1.0" encoding="UTF-8"?>
<testsuite xmlns:xsi="http://www.w3.org/2001/XMLSchema-instance" xsi:noNamespaceSchemaLocation="https://maven.apache.org/surefire/maven-surefire-plugin/xsd/surefire-test-report-3.0.xsd" version="3.0" name="TestSuite" time="36.209" tests="8" errors="0" skipped="0" failures="0">
  <properties>
[...]
</properties>
  <testcase name="testLandingPage[Chrome](1)" classname="ProjectDemo.ProjectClass" time="11.877">
    <system-out><![CDATA[Parameter value is Chrome
Landed successfully
]]></system-out>
    <system-err><![CDATA[SLF4J: Failed to load class "org.slf4j.impl.StaticLoggerBinder".
SLF4J: Defaulting to no-operation (NOP) logger implementation
SLF4J: See http://www.slf4j.org/codes.html#StaticLoggerBinder for further details.
ERROR StatusLogger Log4j2 could not find a logging implementation. Please add log4j-core to the classpath. Using SimpleLogger to log to the console...
Starting ChromeDriver 99.0.4844.51 (d537ec02474b5afe23684e7963d538896c63ac77-refs/branch-heads/4844@{#875}) on port 63085
Only local connections are allowed.
Please see https://chromedriver.chromium.org/security-considerations for suggestions on keeping ChromeDriver safe.
ChromeDriver was started successfully.
Mar 21, 2022 11:29:55 AM org.openqa.selenium.remote.ProtocolHandshake createSession
INFO: Detected dialect: W3C
Mar 21, 2022 11:29:56 AM org.openqa.selenium.devtools.CdpVersionFinder findNearestMatch
WARNING: Unable to find an exact match for CDP version 99, so returning the closest version found: 97
Mar 21, 2022 11:29:56 AM org.openqa.selenium.devtools.CdpVersionFinder findNearestMatch
INFO: Found CDP implementation for version 99 of 97
]]></system-err>
  </testcase>
  <testcase name="testRadioButton" classname="ProjectDemo.ProjectClass" time="0.165">
    <system-out><![CDATA[radio buttons working fine
]]></system-out>
  </testcase>
  <testcase name="testDropDown" classname="ProjectDemo.ProjectClass" time="0.154">
    <system-out><![CDATA[Drop down list works fine
]]></system-out>
  </testcase>
  <testcase name="testCheckBox" classname="ProjectDemo.ProjectClass" time="0.137">
    <system-out><![CDATA[checkboxes working fine
]]></system-out>
  </testcase>
  <testcase name="openWindowButtonTest" classname="ProjectDemo.ProjectClass" time="0.886">
    <system-out><![CDATA[Button is working fine
]]></system-out>
  </testcase>
  <testcase name="openTabButtonTest" classname="ProjectDemo.ProjectClass" time="6.225">
    <system-out><![CDATA[Tab is opened 
]]></system-out>
  </testcase>
  <testcase name="switchToAlerttest" classname="ProjectDemo.ProjectClass" time="0.237">
    <system-out><![CDATA[Alert exists
]]></system-out>
  </testcase>
  <testcase name="testIframe" classname="ProjectDemo.ProjectClass" time="15.744">
    <system-out><![CDATA[iframe exists
]]></system-out>
  </testcase>
</testsuite>